<?xml version="1.0" encoding="UTF-8"?>
<testng-results skipped="0" failed="0" ignored="0" total="2" passed="2">
  <reporter-output>
  </reporter-output>
  <suite name="Suite" duration-ms="33" started-at="2017-03-21T02:49:53Z" finished-at="2017-03-21T02:49:53Z">
    <groups>
    </groups>
    <test name="Test" duration-ms="33" started-at="2017-03-21T02:49:53Z" finished-at="2017-03-21T02:49:53Z">
      <class name="com.demo.qa.rest_api_test.TestBefore">
        <test-method status="PASS" signature="beforeSuite()[pri:0, instance:com.demo.qa.rest_api_test.TestBefore@14acaea5]" name="beforeSuite" is-config="true" duration-ms="9" started-at="2017-03-21T10:49:53Z" finished-at="2017-03-21T10:49:53Z">
          <reporter-output>
          </reporter-output>
        </test-method> <!-- beforeSuite -->
        <test-method status="PASS" signature="beforeTest()[pri:0, instance:com.demo.qa.rest_api_test.TestBefore@14acaea5]" name="beforeTest" is-config="true" duration-ms="0" started-at="2017-03-21T10:49:53Z" finished-at="2017-03-21T10:49:53Z">
          <reporter-output>
          </reporter-output>
        </test-method> <!-- beforeTest -->
        <test-method status="PASS" signature="beforeClass()[pri:0, instance:com.demo.qa.rest_api_test.TestBefore@14acaea5]" name="beforeClass" is-config="true" duration-ms="1" started-at="2017-03-21T10:49:53Z" finished-at="2017-03-21T10:49:53Z">
          <reporter-output>
          </reporter-output>
        </test-method> <!-- beforeClass -->
        <test-method status="PASS" signature="testFuncOne()[pri:0, instance:com.demo.qa.rest_api_test.TestBefore@14acaea5]" name="testFuncOne" duration-ms="7" started-at="2017-03-21T10:49:53Z" finished-at="2017-03-21T10:49:53Z">
          <reporter-output>
          </reporter-output>
        </test-method> <!-- testFuncOne -->
        <test-method status="PASS" signature="beforeMethod()[pri:0, instance:com.demo.qa.rest_api_test.TestBefore@14acaea5]" name="beforeMethod" is-config="true" duration-ms="0" started-at="2017-03-21T10:49:53Z" finished-at="2017-03-21T10:49:53Z">
          <reporter-output>
          </reporter-output>
        </test-method> <!-- beforeMethod -->
        <test-method status="PASS" signature="afterMethod()[pri:0, instance:com.demo.qa.rest_api_test.TestBefore@14acaea5]" name="afterMethod" is-config="true" duration-ms="1" started-at="2017-03-21T10:49:53Z" finished-at="2017-03-21T10:49:53Z">
          <reporter-output>
          </reporter-output>
        </test-method> <!-- afterMethod -->
        <test-method status="PASS" signature="beforeMethod()[pri:0, instance:com.demo.qa.rest_api_test.TestBefore@14acaea5]" name="beforeMethod" is-config="true" duration-ms="1" started-at="2017-03-21T10:49:53Z" finished-at="2017-03-21T10:49:53Z">
          <reporter-output>
          </reporter-output>
        </test-method> <!-- beforeMethod -->
        <test-method status="PASS" signature="testFuncTwo()[pri:0, instance:com.demo.qa.rest_api_test.TestBefore@14acaea5]" name="testFuncTwo" duration-ms="1" started-at="2017-03-21T10:49:53Z" finished-at="2017-03-21T10:49:53Z">
          <reporter-output>
          </reporter-output>
        </test-method> <!-- testFuncTwo -->
        <test-method status="PASS" signature="afterClass()[pri:0, instance:com.demo.qa.rest_api_test.TestBefore@14acaea5]" name="afterClass" is-config="true" duration-ms="0" started-at="2017-03-21T10:49:53Z" finished-at="2017-03-21T10:49:53Z">
          <reporter-output>
          </reporter-output>
        </test-method> <!-- afterClass -->
        <test-method status="PASS" signature="afterMethod()[pri:0, instance:com.demo.qa.rest_api_test.TestBefore@14acaea5]" name="afterMethod" is-config="true" duration-ms="0" started-at="2017-03-21T10:49:53Z" finished-at="2017-03-21T10:49:53Z">
          <reporter-output>
          </reporter-output>
        </test-method> <!-- afterMethod -->
        <test-method status="PASS" signature="afterTest()[pri:0, instance:com.demo.qa.rest_api_test.TestBefore@14acaea5]" name="afterTest" is-config="true" duration-ms="1" started-at="2017-03-21T10:49:53Z" finished-at="2017-03-21T10:49:53Z">
          <reporter-output>
          </reporter-output>
        </test-method> <!-- afterTest -->
        <test-method status="PASS" signature="afterSuite()[pri:0, instance:com.demo.qa.rest_api_test.TestBefore@14acaea5]" name="afterSuite" is-config="true" duration-ms="1" started-at="2017-03-21T10:49:53Z" finished-at="2017-03-21T10:49:53Z">
          <reporter-output>
          </reporter-output>
        </test-method> <!-- afterSuite -->
      </class> <!-- com.demo.qa.rest_api_test.TestBefore -->
    </test> <!-- Test -->
  </suite> <!-- Suite -->
</testng-results>
